<?xml version="1.0" encoding="UTF-8"?>
<testsuite xmlns:xsi="http://www.w3.org/2001/XMLSchema-instance" xsi:noNamespaceSchemaLocation="https://maven.apache.org/surefire/maven-surefire-plugin/xsd/surefire-test-report-3.0.xsd" version="3.0" name="Check home page functionality" time="0.103" tests="2" errors="0" skipped="0" failures="0">
  <properties>
[...]
</properties>
  <testcase name="check logout link" classname="Check home page functionality" time="0.097">
    <system-out><![CDATA[┌───────────────────────────────────────────────────────────────────────────────────┐
│ Share your Cucumber Report with your team at https://reports.cucumber.io          │
│ Activate publishing with one of the following:                                    │
│                                                                                   │
│ src/test/resources/cucumber.properties:          cucumber.publish.enabled=true    │
│ src/test/resources/junit-platform.properties:    cucumber.publish.enabled=true    │
│ Environment variable:                            CUCUMBER_PUBLISH_ENABLED=true    │
│ JUnit:                                           @CucumberOptions(publish = true) │
│                                                                                   │
│ More information at https://reports.cucumber.io/docs/cucumber-jvm                 │
│                                                                                   │
│ Disable this message with one of the following:                                   │
│                                                                                   │
│ src/test/resources/cucumber.properties:          cucumber.publish.quiet=true      │
│ src/test/resources/junit-platform.properties:    cucumber.publish.quiet=true      │
└───────────────────────────────────────────────────────────────────────────────────┘


Scenario: check logout link              # src/test/resources/BackgroundDemo/BackgroundDemo.feature:9
  Given user is on login page            # StepsForBackground.BackgroundDemoSteps.user_is_on_login_page()
  When user enters username and password # StepsForBackground.BackgroundDemoSteps.user_enters_username_and_password()
  And clicks on login button             # StepsForBackground.BackgroundDemoSteps.clicks_on_login_button()
  Then user is navigated to the homepage # StepsForBackground.BackgroundDemoSteps.user_is_navigated_to_the_homepage()
  When user clicks on login button       # StepsForBackground.BackgroundDemoSteps.user_clicks_on_login_button()
  Then logout button is displayed        # StepsForBackground.BackgroundDemoSteps.logout_button_is_displayed()
]]></system-out>
  </testcase>
  <testcase name="verify order history" classname="Check home page functionality" time="0.006">
    <system-out><![CDATA[
Scenario: verify order history           # src/test/resources/BackgroundDemo/BackgroundDemo.feature:13
  Given user is on login page            # StepsForBackground.BackgroundDemoSteps.user_is_on_login_page()
  When user enters username and password # StepsForBackground.BackgroundDemoSteps.user_enters_username_and_password()
  And clicks on login button             # StepsForBackground.BackgroundDemoSteps.clicks_on_login_button()
  Then user is navigated to the homepage # StepsForBackground.BackgroundDemoSteps.user_is_navigated_to_the_homepage()
  When user clicks on order history      # StepsForBackground.BackgroundDemoSteps.user_clicks_on_order_history()
  Then Your order history is displayed   # StepsForBackground.BackgroundDemoSteps.your_order_history_is_displayed()
]]></system-out>
  </testcase>
</testsuite>