<?xml version="1.0" encoding="UTF-8"?>
<!-- Generated by org.testng.reporters.JUnitXMLReporter -->
<testsuite ignored="0" hostname="DESKTOP-AGDRQC9" failures="1" tests="1" name="screfix" time="0.813" errors="0" timestamp="2023-11-05T15:55:56 GMT">
  <testcase classname="testCase.TC_003_Login_DataDriven1" name="test_TestDriven" time="0.0">
    <failure type="java.lang.RuntimeException" message="java.lang.NullPointerException">
      <![CDATA[java.lang.RuntimeException: java.lang.NullPointerException
at java.base/java.util.ArrayList.forEach(ArrayList.java:1541)
Caused by: java.lang.NullPointerException
at utilities.ExcelUtility1.getCellData(ExcelUtility1.java:67)
at utilities.DataProviders1.getData(DataProviders1.java:32)
... 25 more
... Removed 32 stack frames]]>
    </failure>
  </testcase> <!-- test_TestDriven -->
</testsuite> <!-- screfix -->
