<?xml version="1.0" encoding="UTF-8"?>
<testng-results ignored="0" total="5" passed="3" failed="2" skipped="0">
  <reporter-output>
  </reporter-output>
  <suite started-at="2023-11-11T12:55:55 GMT" name="Suite" finished-at="2023-11-11T12:58:40 GMT" duration-ms="165276">
    <groups>
    </groups>
    <test started-at="2023-11-11T12:55:55 GMT" name="Test" finished-at="2023-11-11T12:55:55 GMT" duration-ms="208">
    </test> <!-- Test -->
    <test started-at="2023-11-11T12:55:55 GMT" name="screfix" finished-at="2023-11-11T12:58:40 GMT" duration-ms="164836">
      <class name="testCases.TC_003_Login_DataDriven">
        <test-method is-config="true" signature="setup(java.lang.String)[pri:0, instance:testCases.TC_003_Login_DataDriven@cecf639]" started-at="2023-11-11T12:55:56 GMT" name="setup" finished-at="2023-11-11T12:56:04 GMT" duration-ms="7576" status="PASS">
          <params>
            <param index="0">
              <value>
                <![CDATA[chrome]]>
              </value>
            </param>
          </params>
          <reporter-output>
          </reporter-output>
        </test-method> <!-- setup -->
        <test-method signature="test_TestDriven(java.lang.String,java.lang.String,java.lang.String)[pri:0, instance:testCases.TC_003_Login_DataDriven@cecf639]" started-at="2023-11-11T12:56:04 GMT" name="test_TestDriven" data-provider="LoginTestData1" finished-at="2023-11-11T12:56:24 GMT" duration-ms="20041" status="PASS">
          <params>
            <param index="0">
              <value>
                <![CDATA[olakayjulius@yahoo.com]]>
              </value>
            </param>
            <param index="1">
              <value>
                <![CDATA[Wayoman$]]>
              </value>
            </param>
            <param index="2">
              <value>
                <![CDATA[valid]]>
              </value>
            </param>
          </params>
          <reporter-output>
          </reporter-output>
        </test-method> <!-- test_TestDriven -->
        <test-method is-config="true" signature="tearDown()[pri:0, instance:testCases.TC_003_Login_DataDriven@cecf639]" started-at="2023-11-11T12:56:24 GMT" name="tearDown" finished-at="2023-11-11T12:56:24 GMT" duration-ms="158" status="PASS">
          <reporter-output>
          </reporter-output>
        </test-method> <!-- tearDown -->
        <test-method is-config="true" signature="setup(java.lang.String)[pri:0, instance:testCases.TC_003_Login_DataDriven@cecf639]" started-at="2023-11-11T12:56:24 GMT" name="setup" finished-at="2023-11-11T12:56:30 GMT" duration-ms="5687" status="PASS">
          <params>
            <param index="0">
              <value>
                <![CDATA[chrome]]>
              </value>
            </param>
          </params>
          <reporter-output>
          </reporter-output>
        </test-method> <!-- setup -->
        <test-method signature="test_TestDriven(java.lang.String,java.lang.String,java.lang.String)[pri:0, instance:testCases.TC_003_Login_DataDriven@cecf639]" started-at="2023-11-11T12:56:30 GMT" name="test_TestDriven" data-provider="LoginTestData1" finished-at="2023-11-11T12:56:56 GMT" duration-ms="25991" status="PASS">
          <params>
            <param index="0">
              <value>
                <![CDATA[Kay@yahoo.com]]>
              </value>
            </param>
            <param index="1">
              <value>
                <![CDATA[Wayocity]]>
              </value>
            </param>
            <param index="2">
              <value>
                <![CDATA[invalid]]>
              </value>
            </param>
          </params>
          <reporter-output>
          </reporter-output>
        </test-method> <!-- test_TestDriven -->
        <test-method is-config="true" signature="tearDown()[pri:0, instance:testCases.TC_003_Login_DataDriven@cecf639]" started-at="2023-11-11T12:56:56 GMT" name="tearDown" finished-at="2023-11-11T12:56:56 GMT" duration-ms="95" status="PASS">
          <reporter-output>
          </reporter-output>
        </test-method> <!-- tearDown -->
        <test-method is-config="true" signature="setup(java.lang.String)[pri:0, instance:testCases.TC_003_Login_DataDriven@cecf639]" started-at="2023-11-11T12:56:56 GMT" name="setup" finished-at="2023-11-11T12:57:00 GMT" duration-ms="4131" status="PASS">
          <params>
            <param index="0">
              <value>
                <![CDATA[chrome]]>
              </value>
            </param>
          </params>
          <reporter-output>
          </reporter-output>
        </test-method> <!-- setup -->
        <test-method signature="test_TestDriven(java.lang.String,java.lang.String,java.lang.String)[pri:0, instance:testCases.TC_003_Login_DataDriven@cecf639]" started-at="2023-11-11T12:57:00 GMT" name="test_TestDriven" data-provider="LoginTestData1" finished-at="2023-11-11T12:57:37 GMT" duration-ms="36557" status="FAIL">
          <params>
            <param index="0">
              <value>
                <![CDATA[olakayjuli@yahoo.com]]>
              </value>
            </param>
            <param index="1">
              <value>
                <![CDATA[Wayoman$]]>
              </value>
            </param>
            <param index="2">
              <value>
                <![CDATA[invalid]]>
              </value>
            </param>
          </params>
          <exception class="java.lang.AssertionError">
            <message>
              <![CDATA[expected [true] but found [false]]]>
            </message>
            <full-stacktrace>
              <![CDATA[java.lang.AssertionError: expected [true] but found [false]
at org.testng.Assert.fail(Assert.java:111)
at org.testng.Assert.failNotEquals(Assert.java:1578)
at org.testng.Assert.assertTrue(Assert.java:57)
at org.testng.Assert.assertTrue(Assert.java:67)
at testCases.TC_003_Login_DataDriven.test_TestDriven(TC_003_Login_DataDriven.java:59)
at java.base/jdk.internal.reflect.NativeMethodAccessorImpl.invoke0(Native Method)
at java.base/jdk.internal.reflect.NativeMethodAccessorImpl.invoke(NativeMethodAccessorImpl.java:77)
at java.base/jdk.internal.reflect.DelegatingMethodAccessorImpl.invoke(DelegatingMethodAccessorImpl.java:43)
at java.base/java.lang.reflect.Method.invoke(Method.java:568)
at org.testng.internal.invokers.MethodInvocationHelper.invokeMethod(MethodInvocationHelper.java:139)
at org.testng.internal.invokers.TestInvoker.invokeMethod(TestInvoker.java:664)
at org.testng.internal.invokers.TestInvoker.invokeTestMethod(TestInvoker.java:227)
at org.testng.internal.invokers.MethodRunner.runInSequence(MethodRunner.java:50)
at org.testng.internal.invokers.TestInvoker$MethodInvocationAgent.invoke(TestInvoker.java:957)
at org.testng.internal.invokers.TestInvoker.invokeTestMethods(TestInvoker.java:200)
at org.testng.internal.invokers.TestMethodWorker.invokeTestMethods(TestMethodWorker.java:148)
at org.testng.internal.invokers.TestMethodWorker.run(TestMethodWorker.java:128)
at java.base/java.util.ArrayList.forEach(ArrayList.java:1511)
at org.testng.TestRunner.privateRun(TestRunner.java:848)
at org.testng.TestRunner.run(TestRunner.java:621)
at org.testng.SuiteRunner.runTest(SuiteRunner.java:443)
at org.testng.SuiteRunner.runSequentially(SuiteRunner.java:437)
at org.testng.SuiteRunner.privateRun(SuiteRunner.java:397)
at org.testng.SuiteRunner.run(SuiteRunner.java:336)
at org.testng.SuiteRunnerWorker.runSuite(SuiteRunnerWorker.java:52)
at org.testng.SuiteRunnerWorker.run(SuiteRunnerWorker.java:95)
at org.testng.TestNG.runSuitesSequentially(TestNG.java:1280)
at org.testng.TestNG.runSuitesLocally(TestNG.java:1200)
at org.testng.TestNG.runSuites(TestNG.java:1114)
at org.testng.TestNG.run(TestNG.java:1082)
at org.testng.remote.AbstractRemoteTestNG.run(AbstractRemoteTestNG.java:115)
at org.testng.remote.RemoteTestNG.initAndRun(RemoteTestNG.java:251)
at org.testng.remote.RemoteTestNG.main(RemoteTestNG.java:77)
]]>
            </full-stacktrace>
          </exception> <!-- java.lang.AssertionError -->
          <reporter-output>
          </reporter-output>
        </test-method> <!-- test_TestDriven -->
        <test-method is-config="true" signature="tearDown()[pri:0, instance:testCases.TC_003_Login_DataDriven@cecf639]" started-at="2023-11-11T12:57:37 GMT" name="tearDown" finished-at="2023-11-11T12:57:37 GMT" duration-ms="104" status="PASS">
          <reporter-output>
          </reporter-output>
        </test-method> <!-- tearDown -->
        <test-method is-config="true" signature="setup(java.lang.String)[pri:0, instance:testCases.TC_003_Login_DataDriven@cecf639]" started-at="2023-11-11T12:57:37 GMT" name="setup" finished-at="2023-11-11T12:57:40 GMT" duration-ms="3433" status="PASS">
          <params>
            <param index="0">
              <value>
                <![CDATA[chrome]]>
              </value>
            </param>
          </params>
          <reporter-output>
          </reporter-output>
        </test-method> <!-- setup -->
        <test-method signature="test_TestDriven(java.lang.String,java.lang.String,java.lang.String)[pri:0, instance:testCases.TC_003_Login_DataDriven@cecf639]" started-at="2023-11-11T12:57:40 GMT" name="test_TestDriven" data-provider="LoginTestData1" finished-at="2023-11-11T12:58:15 GMT" duration-ms="34447" status="FAIL">
          <params>
            <param index="0">
              <value>
                <![CDATA[olayjulius@yahoo.com]]>
              </value>
            </param>
            <param index="1">
              <value>
                <![CDATA[Wayomanton]]>
              </value>
            </param>
            <param index="2">
              <value>
                <![CDATA[invalid]]>
              </value>
            </param>
          </params>
          <exception class="java.lang.AssertionError">
            <message>
              <![CDATA[expected [true] but found [false]]]>
            </message>
            <full-stacktrace>
              <![CDATA[java.lang.AssertionError: expected [true] but found [false]
at org.testng.Assert.fail(Assert.java:111)
at org.testng.Assert.failNotEquals(Assert.java:1578)
at org.testng.Assert.assertTrue(Assert.java:57)
at org.testng.Assert.assertTrue(Assert.java:67)
at testCases.TC_003_Login_DataDriven.test_TestDriven(TC_003_Login_DataDriven.java:59)
at java.base/jdk.internal.reflect.NativeMethodAccessorImpl.invoke0(Native Method)
at java.base/jdk.internal.reflect.NativeMethodAccessorImpl.invoke(NativeMethodAccessorImpl.java:77)
at java.base/jdk.internal.reflect.DelegatingMethodAccessorImpl.invoke(DelegatingMethodAccessorImpl.java:43)
at java.base/java.lang.reflect.Method.invoke(Method.java:568)
at org.testng.internal.invokers.MethodInvocationHelper.invokeMethod(MethodInvocationHelper.java:139)
at org.testng.internal.invokers.TestInvoker.invokeMethod(TestInvoker.java:664)
at org.testng.internal.invokers.TestInvoker.invokeTestMethod(TestInvoker.java:227)
at org.testng.internal.invokers.MethodRunner.runInSequence(MethodRunner.java:50)
at org.testng.internal.invokers.TestInvoker$MethodInvocationAgent.invoke(TestInvoker.java:957)
at org.testng.internal.invokers.TestInvoker.invokeTestMethods(TestInvoker.java:200)
at org.testng.internal.invokers.TestMethodWorker.invokeTestMethods(TestMethodWorker.java:148)
at org.testng.internal.invokers.TestMethodWorker.run(TestMethodWorker.java:128)
at java.base/java.util.ArrayList.forEach(ArrayList.java:1511)
at org.testng.TestRunner.privateRun(TestRunner.java:848)
at org.testng.TestRunner.run(TestRunner.java:621)
at org.testng.SuiteRunner.runTest(SuiteRunner.java:443)
at org.testng.SuiteRunner.runSequentially(SuiteRunner.java:437)
at org.testng.SuiteRunner.privateRun(SuiteRunner.java:397)
at org.testng.SuiteRunner.run(SuiteRunner.java:336)
at org.testng.SuiteRunnerWorker.runSuite(SuiteRunnerWorker.java:52)
at org.testng.SuiteRunnerWorker.run(SuiteRunnerWorker.java:95)
at org.testng.TestNG.runSuitesSequentially(TestNG.java:1280)
at org.testng.TestNG.runSuitesLocally(TestNG.java:1200)
at org.testng.TestNG.runSuites(TestNG.java:1114)
at org.testng.TestNG.run(TestNG.java:1082)
at org.testng.remote.AbstractRemoteTestNG.run(AbstractRemoteTestNG.java:115)
at org.testng.remote.RemoteTestNG.initAndRun(RemoteTestNG.java:251)
at org.testng.remote.RemoteTestNG.main(RemoteTestNG.java:77)
]]>
            </full-stacktrace>
          </exception> <!-- java.lang.AssertionError -->
          <reporter-output>
          </reporter-output>
        </test-method> <!-- test_TestDriven -->
        <test-method is-config="true" signature="tearDown()[pri:0, instance:testCases.TC_003_Login_DataDriven@cecf639]" started-at="2023-11-11T12:58:15 GMT" name="tearDown" finished-at="2023-11-11T12:58:15 GMT" duration-ms="74" status="PASS">
          <reporter-output>
          </reporter-output>
        </test-method> <!-- tearDown -->
        <test-method is-config="true" signature="setup(java.lang.String)[pri:0, instance:testCases.TC_003_Login_DataDriven@cecf639]" started-at="2023-11-11T12:58:15 GMT" name="setup" finished-at="2023-11-11T12:58:19 GMT" duration-ms="4440" status="PASS">
          <params>
            <param index="0">
              <value>
                <![CDATA[chrome]]>
              </value>
            </param>
          </params>
          <reporter-output>
          </reporter-output>
        </test-method> <!-- setup -->
        <test-method signature="test_TestDriven(java.lang.String,java.lang.String,java.lang.String)[pri:0, instance:testCases.TC_003_Login_DataDriven@cecf639]" started-at="2023-11-11T12:58:19 GMT" name="test_TestDriven" data-provider="LoginTestData1" finished-at="2023-11-11T12:58:40 GMT" duration-ms="20706" status="PASS">
          <params>
            <param index="0">
              <value>
                <![CDATA[Juliusoladele60@gmail.com]]>
              </value>
            </param>
            <param index="1">
              <value>
                <![CDATA[Olowolayemo12!]]>
              </value>
            </param>
            <param index="2">
              <value>
                <![CDATA[valid]]>
              </value>
            </param>
          </params>
          <reporter-output>
          </reporter-output>
        </test-method> <!-- test_TestDriven -->
        <test-method is-config="true" signature="tearDown()[pri:0, instance:testCases.TC_003_Login_DataDriven@cecf639]" started-at="2023-11-11T12:58:40 GMT" name="tearDown" finished-at="2023-11-11T12:58:40 GMT" duration-ms="161" status="PASS">
          <reporter-output>
          </reporter-output>
        </test-method> <!-- tearDown -->
      </class> <!-- testCases.TC_003_Login_DataDriven -->
    </test> <!-- screfix -->
  </suite> <!-- Suite -->
</testng-results>
