<?xml version="1.0" encoding="UTF-8"?>
<!-- Generated by org.testng.reporters.JUnitXMLReporter -->
<testsuite ignored="0" hostname="DESKTOP-AGDRQC9" failures="3" tests="5" name="screfix" time="163.231" errors="0" timestamp="2023-11-05T16:03:38 GMT">
  <testcase classname="testCases.TC_003_Login_DataDriven" name="test_TestDriven" time="20.264"/>
  <testcase classname="testCases.TC_003_Login_DataDriven" name="test_TestDriven" time="31.772">
    <failure type="java.lang.AssertionError" message="expected [true] but found [false]">
      <![CDATA[java.lang.AssertionError: expected [true] but found [false]
at testCases.TC_003_Login_DataDriven.test_TestDriven(TC_003_Login_DataDriven.java:59)
at java.base/java.util.ArrayList.forEach(ArrayList.java:1541)
... Removed 31 stack frames]]>
    </failure>
  </testcase> <!-- test_TestDriven -->
  <testcase classname="testCases.TC_003_Login_DataDriven" name="test_TestDriven" time="31.804">
    <failure type="java.lang.AssertionError" message="expected [true] but found [false]">
      <![CDATA[java.lang.AssertionError: expected [true] but found [false]
at testCases.TC_003_Login_DataDriven.test_TestDriven(TC_003_Login_DataDriven.java:59)
at java.base/java.util.ArrayList.forEach(ArrayList.java:1541)
... Removed 31 stack frames]]>
    </failure>
  </testcase> <!-- test_TestDriven -->
  <testcase classname="testCases.TC_003_Login_DataDriven" name="test_TestDriven" time="33.52">
    <failure type="java.lang.AssertionError" message="expected [true] but found [false]">
      <![CDATA[java.lang.AssertionError: expected [true] but found [false]
at testCases.TC_003_Login_DataDriven.test_TestDriven(TC_003_Login_DataDriven.java:59)
at java.base/java.util.ArrayList.forEach(ArrayList.java:1541)
... Removed 31 stack frames]]>
    </failure>
  </testcase> <!-- test_TestDriven -->
  <testcase classname="testCases.TC_003_Login_DataDriven" name="test_TestDriven" time="25.623"/>
</testsuite> <!-- screfix -->
